<?xml version="1.0" encoding="UTF-8"?>
<coverage generated="1541753160045" clover="3.2.0">
  <project timestamp="1541753160046" name="All files">
    <metrics statements="60" coveredstatements="45" conditionals="6" coveredconditionals="1" methods="21" coveredmethods="10" elements="87" coveredelements="56" complexity="0" loc="60" ncloc="60" packages="3" files="10" classes="10">
      <package name="common.components.Button">
        <metrics statements="2" coveredstatements="1" conditionals="0" coveredconditionals="0" methods="1" coveredmethods="0"/>
        <file name="Button.jsx" path="/mnt/c/Projects/react-starter/src/modules/common/components/Button/Button.jsx">
          <metrics statements="2" coveredstatements="1" conditionals="0" coveredconditionals="0" methods="1" coveredmethods="0"/>
          <line num="4" count="1" type="stmt"/>
          <line num="5" count="0" type="stmt"/>
        </file>
        <file name="index.js" path="/mnt/c/Projects/react-starter/src/modules/common/components/Button/index.js">
          <metrics statements="0" coveredstatements="0" conditionals="0" coveredconditionals="0" methods="0" coveredmethods="0"/>
        </file>
      </package>
      <package name="home">
        <metrics statements="26" coveredstatements="22" conditionals="2" coveredconditionals="1" methods="13" coveredmethods="6"/>
        <file name="HomeComponent.jsx" path="/mnt/c/Projects/react-starter/src/modules/home/HomeComponent.jsx">
          <metrics statements="4" coveredstatements="4" conditionals="0" coveredconditionals="0" methods="3" coveredmethods="1"/>
          <line num="6" count="1" type="stmt"/>
          <line num="7" count="3" type="stmt"/>
          <line num="15" count="1" type="stmt"/>
          <line num="21" count="1" type="stmt"/>
        </file>
        <file name="HomeContainer.js" path="/mnt/c/Projects/react-starter/src/modules/home/HomeContainer.js">
          <metrics statements="8" coveredstatements="8" conditionals="0" coveredconditionals="0" methods="4" coveredmethods="2"/>
          <line num="6" count="1" type="stmt"/>
          <line num="7" count="2" type="stmt"/>
          <line num="8" count="2" type="stmt"/>
          <line num="11" count="1" type="stmt"/>
          <line num="12" count="2" type="stmt"/>
          <line num="13" count="2" type="stmt"/>
          <line num="15" count="2" type="stmt"/>
          <line num="21" count="1" type="stmt"/>
        </file>
        <file name="RedditComponent.jsx" path="/mnt/c/Projects/react-starter/src/modules/home/RedditComponent.jsx">
          <metrics statements="6" coveredstatements="3" conditionals="2" coveredconditionals="1" methods="3" coveredmethods="1"/>
          <line num="4" count="2" type="stmt"/>
          <line num="5" count="3" type="cond" truecount="1" falsecount="1"/>
          <line num="6" count="0" type="stmt"/>
          <line num="8" count="3" type="stmt"/>
          <line num="11" count="0" type="stmt"/>
          <line num="15" count="0" type="stmt"/>
        </file>
        <file name="RedditContainer.js" path="/mnt/c/Projects/react-starter/src/modules/home/RedditContainer.js">
          <metrics statements="8" coveredstatements="7" conditionals="0" coveredconditionals="0" methods="3" coveredmethods="2"/>
          <line num="6" count="2" type="stmt"/>
          <line num="7" count="2" type="stmt"/>
          <line num="8" count="2" type="stmt"/>
          <line num="14" count="2" type="stmt"/>
          <line num="15" count="2" type="stmt"/>
          <line num="16" count="0" type="stmt"/>
          <line num="18" count="2" type="stmt"/>
          <line num="21" count="2" type="stmt"/>
        </file>
      </package>
      <package name="home.duck">
        <metrics statements="32" coveredstatements="22" conditionals="4" coveredconditionals="0" methods="7" coveredmethods="4"/>
        <file name="actions.js" path="/mnt/c/Projects/react-starter/src/modules/home/duck/actions.js">
          <metrics statements="1" coveredstatements="1" conditionals="0" coveredconditionals="0" methods="0" coveredmethods="0"/>
          <line num="3" count="3" type="stmt"/>
        </file>
        <file name="index.js" path="/mnt/c/Projects/react-starter/src/modules/home/duck/index.js">
          <metrics statements="0" coveredstatements="0" conditionals="0" coveredconditionals="0" methods="0" coveredmethods="0"/>
        </file>
        <file name="operations.js" path="/mnt/c/Projects/react-starter/src/modules/home/duck/operations.js">
          <metrics statements="15" coveredstatements="5" conditionals="0" coveredconditionals="0" methods="3" coveredmethods="0"/>
          <line num="4" count="2" type="stmt"/>
          <line num="5" count="2" type="stmt"/>
          <line num="6" count="2" type="stmt"/>
          <line num="7" count="2" type="stmt"/>
          <line num="9" count="2" type="stmt"/>
          <line num="10" count="0" type="stmt"/>
          <line num="11" count="0" type="stmt"/>
          <line num="12" count="0" type="stmt"/>
          <line num="13" count="0" type="stmt"/>
          <line num="14" count="0" type="stmt"/>
          <line num="15" count="0" type="stmt"/>
          <line num="16" count="0" type="stmt"/>
          <line num="20" count="0" type="stmt"/>
          <line num="21" count="0" type="stmt"/>
          <line num="23" count="0" type="stmt"/>
        </file>
        <file name="reducers.js" path="/mnt/c/Projects/react-starter/src/modules/home/duck/reducers.js">
          <metrics statements="16" coveredstatements="16" conditionals="4" coveredconditionals="0" methods="4" coveredmethods="4"/>
          <line num="4" count="3" type="stmt"/>
          <line num="11" count="3" type="cond" truecount="0" falsecount="1"/>
          <line num="12" count="1" type="stmt"/>
          <line num="13" count="1" type="stmt"/>
          <line num="14" count="1" type="stmt"/>
          <line num="20" count="3" type="cond" truecount="0" falsecount="1"/>
          <line num="21" count="1" type="stmt"/>
          <line num="22" count="1" type="stmt"/>
          <line num="23" count="1" type="stmt"/>
          <line num="29" count="3" type="cond" truecount="0" falsecount="1"/>
          <line num="30" count="1" type="stmt"/>
          <line num="31" count="1" type="stmt"/>
          <line num="39" count="3" type="cond" truecount="0" falsecount="1"/>
          <line num="40" count="1" type="stmt"/>
          <line num="41" count="1" type="stmt"/>
          <line num="49" count="3" type="stmt"/>
        </file>
      </package>
    </metrics>
  </project>
</coverage>
