{"/mnt/c/Projects/react-starter/src/modules/common/components/Button/Button.jsx": {"path":"/mnt/c/Projects/react-starter/src/modules/common/components/Button/Button.jsx","statementMap":{"0":{"start":{"line":4,"column":15},"end":{"line":8,"column":1}},"1":{"start":{"line":5,"column":1},"end":{"line":7,"column":4}}},"fnMap":{"0":{"name":"(anonymous_0)","decl":{"start":{"line":4,"column":15},"end":{"line":4,"column":16}},"loc":{"start":{"line":5,"column":1},"end":{"line":7,"column":4}},"line":5}},"branchMap":{},"s":{"0":1,"1":0},"f":{"0":0},"b":{},"_coverageSchema":"332fd63041d2c1bcb487cc26dd0d5f7d97098a6c","hash":"7ac4f2d621d221ee0bd6d9dc79871d016905a224"}
,"/mnt/c/Projects/react-starter/src/modules/common/components/Button/index.js": {"path":"/mnt/c/Projects/react-starter/src/modules/common/components/Button/index.js","statementMap":{},"fnMap":{},"branchMap":{},"s":{},"f":{},"b":{},"_coverageSchema":"332fd63041d2c1bcb487cc26dd0d5f7d97098a6c","hash":"f92155c351d4f09b437a0d7472b0d7f6e8c5738b"}
,"/mnt/c/Projects/react-starter/src/modules/home/HomeComponent.jsx": {"path":"/mnt/c/Projects/react-starter/src/modules/home/HomeComponent.jsx","statementMap":{"0":{"start":{"line":6,"column":22},"end":{"line":13,"column":1}},"1":{"start":{"line":7,"column":1},"end":{"line":12,"column":7}},"2":{"start":{"line":15,"column":0},"end":{"line":19,"column":2}},"3":{"start":{"line":21,"column":0},"end":{"line":25,"column":2}}},"fnMap":{"0":{"name":"(anonymous_0)","decl":{"start":{"line":6,"column":22},"end":{"line":6,"column":23}},"loc":{"start":{"line":7,"column":1},"end":{"line":12,"column":7}},"line":7},"1":{"name":"(anonymous_1)","decl":{"start":{"line":23,"column":19},"end":{"line":23,"column":20}},"loc":{"start":{"line":23,"column":25},"end":{"line":23,"column":27}},"line":23},"2":{"name":"(anonymous_2)","decl":{"start":{"line":24,"column":19},"end":{"line":24,"column":20}},"loc":{"start":{"line":24,"column":25},"end":{"line":24,"column":27}},"line":24}},"branchMap":{},"s":{"0":1,"1":2,"2":1,"3":1},"f":{"0":2,"1":0,"2":0},"b":{},"_coverageSchema":"332fd63041d2c1bcb487cc26dd0d5f7d97098a6c","hash":"993f051cc910cc34d860af46a0ae993416db0548"}
,"/mnt/c/Projects/react-starter/src/modules/home/HomeContainer.js": {"path":"/mnt/c/Projects/react-starter/src/modules/home/HomeContainer.js","statementMap":{"0":{"start":{"line":6,"column":24},"end":{"line":9,"column":1}},"1":{"start":{"line":7,"column":22},"end":{"line":7,"column":32}},"2":{"start":{"line":8,"column":4},"end":{"line":8,"column":20}},"3":{"start":{"line":11,"column":27},"end":{"line":19,"column":1}},"4":{"start":{"line":12,"column":29},"end":{"line":12,"column":72}},"5":{"start":{"line":12,"column":35},"end":{"line":12,"column":72}},"6":{"start":{"line":13,"column":29},"end":{"line":13,"column":72}},"7":{"start":{"line":13,"column":35},"end":{"line":13,"column":72}},"8":{"start":{"line":15,"column":4},"end":{"line":18,"column":5}},"9":{"start":{"line":21,"column":0},"end":{"line":25,"column":2}},"10":{"start":{"line":27,"column":0},"end":{"line":31,"column":2}},"11":{"start":{"line":33,"column":22},"end":{"line":36,"column":16}}},"fnMap":{"0":{"name":"(anonymous_0)","decl":{"start":{"line":6,"column":24},"end":{"line":6,"column":25}},"loc":{"start":{"line":6,"column":33},"end":{"line":9,"column":1}},"line":6},"1":{"name":"(anonymous_1)","decl":{"start":{"line":11,"column":27},"end":{"line":11,"column":28}},"loc":{"start":{"line":11,"column":39},"end":{"line":19,"column":1}},"line":11},"2":{"name":"(anonymous_2)","decl":{"start":{"line":12,"column":29},"end":{"line":12,"column":30}},"loc":{"start":{"line":12,"column":35},"end":{"line":12,"column":72}},"line":12},"3":{"name":"(anonymous_3)","decl":{"start":{"line":13,"column":29},"end":{"line":13,"column":30}},"loc":{"start":{"line":13,"column":35},"end":{"line":13,"column":72}},"line":13},"4":{"name":"(anonymous_4)","decl":{"start":{"line":29,"column":19},"end":{"line":29,"column":20}},"loc":{"start":{"line":29,"column":25},"end":{"line":29,"column":27}},"line":29},"5":{"name":"(anonymous_5)","decl":{"start":{"line":30,"column":19},"end":{"line":30,"column":20}},"loc":{"start":{"line":30,"column":25},"end":{"line":30,"column":27}},"line":30}},"branchMap":{},"s":{"0":1,"1":2,"2":2,"3":1,"4":2,"5":0,"6":2,"7":0,"8":2,"9":1,"10":1,"11":1},"f":{"0":2,"1":2,"2":0,"3":0,"4":0,"5":0},"b":{},"_coverageSchema":"332fd63041d2c1bcb487cc26dd0d5f7d97098a6c","hash":"b552f667874456c118e8dbb286dfe4ccd87b008a"}
,"/mnt/c/Projects/react-starter/src/modules/home/RedditComponent.jsx": {"path":"/mnt/c/Projects/react-starter/src/modules/home/RedditComponent.jsx","statementMap":{"0":{"start":{"line":4,"column":24},"end":{"line":18,"column":1}},"1":{"start":{"line":5,"column":1},"end":{"line":7,"column":2}},"2":{"start":{"line":6,"column":2},"end":{"line":6,"column":26}},"3":{"start":{"line":8,"column":1},"end":{"line":17,"column":2}},"4":{"start":{"line":11,"column":4},"end":{"line":13,"column":9}},"5":{"start":{"line":15,"column":26},"end":{"line":15,"column":55}}},"fnMap":{"0":{"name":"(anonymous_0)","decl":{"start":{"line":4,"column":24},"end":{"line":4,"column":25}},"loc":{"start":{"line":4,"column":86},"end":{"line":18,"column":1}},"line":4},"1":{"name":"(anonymous_1)","decl":{"start":{"line":10,"column":22},"end":{"line":10,"column":23}},"loc":{"start":{"line":11,"column":4},"end":{"line":13,"column":9}},"line":11},"2":{"name":"(anonymous_2)","decl":{"start":{"line":15,"column":20},"end":{"line":15,"column":21}},"loc":{"start":{"line":15,"column":26},"end":{"line":15,"column":55}},"line":15}},"branchMap":{"0":{"loc":{"start":{"line":5,"column":1},"end":{"line":7,"column":2}},"type":"if","locations":[{"start":{"line":5,"column":1},"end":{"line":7,"column":2}},{"start":{"line":5,"column":1},"end":{"line":7,"column":2}}],"line":5}},"s":{"0":2,"1":2,"2":0,"3":2,"4":0,"5":0},"f":{"0":2,"1":0,"2":0},"b":{"0":[0,2]},"_coverageSchema":"332fd63041d2c1bcb487cc26dd0d5f7d97098a6c","hash":"e1207998b6b06e042ec377d41a67ff233fabb1fe"}
,"/mnt/c/Projects/react-starter/src/modules/home/RedditContainer.js": {"path":"/mnt/c/Projects/react-starter/src/modules/home/RedditContainer.js","statementMap":{"0":{"start":{"line":6,"column":24},"end":{"line":12,"column":1}},"1":{"start":{"line":7,"column":49},"end":{"line":7,"column":59}},"2":{"start":{"line":8,"column":4},"end":{"line":11,"column":5}},"3":{"start":{"line":14,"column":27},"end":{"line":19,"column":1}},"4":{"start":{"line":15,"column":31},"end":{"line":17,"column":5}},"5":{"start":{"line":16,"column":8},"end":{"line":16,"column":62}},"6":{"start":{"line":18,"column":4},"end":{"line":18,"column":34}},"7":{"start":{"line":21,"column":24},"end":{"line":24,"column":18}}},"fnMap":{"0":{"name":"(anonymous_0)","decl":{"start":{"line":6,"column":24},"end":{"line":6,"column":25}},"loc":{"start":{"line":6,"column":35},"end":{"line":12,"column":1}},"line":6},"1":{"name":"(anonymous_1)","decl":{"start":{"line":14,"column":27},"end":{"line":14,"column":28}},"loc":{"start":{"line":14,"column":41},"end":{"line":19,"column":1}},"line":14},"2":{"name":"(anonymous_2)","decl":{"start":{"line":15,"column":31},"end":{"line":15,"column":32}},"loc":{"start":{"line":15,"column":46},"end":{"line":17,"column":5}},"line":15}},"branchMap":{},"s":{"0":2,"1":2,"2":2,"3":2,"4":2,"5":0,"6":2,"7":2},"f":{"0":2,"1":2,"2":0},"b":{},"_coverageSchema":"332fd63041d2c1bcb487cc26dd0d5f7d97098a6c","hash":"45713753adb66e10052a84d91d6263d967461ebe"}
,"/mnt/c/Projects/react-starter/src/modules/home/duck/actions.js": {"path":"/mnt/c/Projects/react-starter/src/modules/home/duck/actions.js","statementMap":{"0":{"start":{"line":3,"column":28},"end":{"line":8,"column":2}}},"fnMap":{},"branchMap":{},"s":{"0":3},"f":{},"b":{},"_coverageSchema":"332fd63041d2c1bcb487cc26dd0d5f7d97098a6c","hash":"d80b13cda61b912f7c7500a2d5a044f7845e1257"}
,"/mnt/c/Projects/react-starter/src/modules/home/duck/index.js": {"path":"/mnt/c/Projects/react-starter/src/modules/home/duck/index.js","statementMap":{},"fnMap":{},"branchMap":{},"s":{},"f":{},"b":{},"_coverageSchema":"332fd63041d2c1bcb487cc26dd0d5f7d97098a6c","hash":"d82ed5498e271150f0629c45d5394156f9193680"}
,"/mnt/c/Projects/react-starter/src/modules/home/duck/operations.js": {"path":"/mnt/c/Projects/react-starter/src/modules/home/duck/operations.js","statementMap":{"0":{"start":{"line":4,"column":18},"end":{"line":4,"column":36}},"1":{"start":{"line":5,"column":18},"end":{"line":5,"column":36}},"2":{"start":{"line":6,"column":35},"end":{"line":6,"column":64}},"3":{"start":{"line":7,"column":35},"end":{"line":7,"column":64}},"4":{"start":{"line":9,"column":27},"end":{"line":25,"column":1}},"5":{"start":{"line":10,"column":1},"end":{"line":24,"column":2}},"6":{"start":{"line":11,"column":2},"end":{"line":11,"column":49}},"7":{"start":{"line":12,"column":19},"end":{"line":12,"column":76}},"8":{"start":{"line":13,"column":23},"end":{"line":13,"column":44}},"9":{"start":{"line":14,"column":13},"end":{"line":14,"column":15}},"10":{"start":{"line":15,"column":2},"end":{"line":22,"column":4}},"11":{"start":{"line":16,"column":21},"end":{"line":19,"column":4}},"12":{"start":{"line":20,"column":3},"end":{"line":20,"column":23}},"13":{"start":{"line":21,"column":3},"end":{"line":21,"column":14}},"14":{"start":{"line":23,"column":2},"end":{"line":23,"column":44}}},"fnMap":{"0":{"name":"(anonymous_0)","decl":{"start":{"line":9,"column":27},"end":{"line":9,"column":28}},"loc":{"start":{"line":9,"column":42},"end":{"line":25,"column":1}},"line":9},"1":{"name":"(anonymous_1)","decl":{"start":{"line":10,"column":8},"end":{"line":10,"column":9}},"loc":{"start":{"line":10,"column":26},"end":{"line":24,"column":2}},"line":10},"2":{"name":"(anonymous_2)","decl":{"start":{"line":15,"column":33},"end":{"line":15,"column":34}},"loc":{"start":{"line":15,"column":42},"end":{"line":22,"column":3}},"line":15}},"branchMap":{},"s":{"0":2,"1":2,"2":2,"3":2,"4":2,"5":0,"6":0,"7":0,"8":0,"9":0,"10":0,"11":0,"12":0,"13":0,"14":0},"f":{"0":0,"1":0,"2":0},"b":{},"_coverageSchema":"332fd63041d2c1bcb487cc26dd0d5f7d97098a6c","hash":"3575f3eb8292f4a165235e779e7688afe846964a"}
,"/mnt/c/Projects/react-starter/src/modules/home/duck/reducers.js": {"path":"/mnt/c/Projects/react-starter/src/modules/home/duck/reducers.js","statementMap":{"0":{"start":{"line":5,"column":29},"end":{"line":10,"column":1}},"1":{"start":{"line":12,"column":25},"end":{"line":19,"column":1}},"2":{"start":{"line":13,"column":22},"end":{"line":13,"column":28}},"3":{"start":{"line":14,"column":22},"end":{"line":14,"column":27}},"4":{"start":{"line":15,"column":4},"end":{"line":18,"column":5}},"5":{"start":{"line":21,"column":25},"end":{"line":28,"column":1}},"6":{"start":{"line":22,"column":22},"end":{"line":22,"column":28}},"7":{"start":{"line":23,"column":22},"end":{"line":23,"column":27}},"8":{"start":{"line":24,"column":4},"end":{"line":27,"column":5}},"9":{"start":{"line":30,"column":38},"end":{"line":38,"column":1}},"10":{"start":{"line":31,"column":26},"end":{"line":31,"column":32}},"11":{"start":{"line":32,"column":4},"end":{"line":37,"column":5}},"12":{"start":{"line":40,"column":38},"end":{"line":48,"column":1}},"13":{"start":{"line":41,"column":30},"end":{"line":41,"column":36}},"14":{"start":{"line":42,"column":4},"end":{"line":47,"column":5}},"15":{"start":{"line":50,"column":24},"end":{"line":55,"column":1}}},"fnMap":{"0":{"name":"(anonymous_0)","decl":{"start":{"line":12,"column":25},"end":{"line":12,"column":26}},"loc":{"start":{"line":12,"column":60},"end":{"line":19,"column":1}},"line":12},"1":{"name":"(anonymous_1)","decl":{"start":{"line":21,"column":25},"end":{"line":21,"column":26}},"loc":{"start":{"line":21,"column":60},"end":{"line":28,"column":1}},"line":21},"2":{"name":"(anonymous_2)","decl":{"start":{"line":30,"column":38},"end":{"line":30,"column":39}},"loc":{"start":{"line":30,"column":73},"end":{"line":38,"column":1}},"line":30},"3":{"name":"(anonymous_3)","decl":{"start":{"line":40,"column":38},"end":{"line":40,"column":39}},"loc":{"start":{"line":40,"column":73},"end":{"line":48,"column":1}},"line":40}},"branchMap":{"0":{"loc":{"start":{"line":12,"column":26},"end":{"line":12,"column":47}},"type":"default-arg","locations":[{"start":{"line":12,"column":34},"end":{"line":12,"column":47}}],"line":12},"1":{"loc":{"start":{"line":21,"column":26},"end":{"line":21,"column":47}},"type":"default-arg","locations":[{"start":{"line":21,"column":34},"end":{"line":21,"column":47}}],"line":21},"2":{"loc":{"start":{"line":30,"column":39},"end":{"line":30,"column":60}},"type":"default-arg","locations":[{"start":{"line":30,"column":47},"end":{"line":30,"column":60}}],"line":30},"3":{"loc":{"start":{"line":40,"column":39},"end":{"line":40,"column":60}},"type":"default-arg","locations":[{"start":{"line":40,"column":47},"end":{"line":40,"column":60}}],"line":40}},"s":{"0":3,"1":3,"2":1,"3":1,"4":1,"5":3,"6":1,"7":1,"8":1,"9":3,"10":0,"11":0,"12":3,"13":0,"14":0,"15":3},"f":{"0":1,"1":1,"2":0,"3":0},"b":{"0":[0],"1":[0],"2":[0],"3":[0]},"_coverageSchema":"332fd63041d2c1bcb487cc26dd0d5f7d97098a6c","hash":"f452cb5df1b089a34c7949459c776746430f77bc"}
}
