TN:
SF:/mnt/c/Projects/react-starter/src/modules/common/components/Button/Button.jsx
FN:4,(anonymous_0)
FNF:1
FNH:0
FNDA:0,(anonymous_0)
DA:4,1
DA:5,0
LF:2
LH:1
BRF:0
BRH:0
end_of_record
TN:
SF:/mnt/c/Projects/react-starter/src/modules/common/components/Button/index.js
FNF:0
FNH:0
LF:0
LH:0
BRF:0
BRH:0
end_of_record
TN:
SF:/mnt/c/Projects/react-starter/src/modules/home/HomeComponent.jsx
FN:6,(anonymous_0)
FN:23,(anonymous_1)
FN:24,(anonymous_2)
FNF:3
FNH:1
FNDA:3,(anonymous_0)
FNDA:0,(anonymous_1)
FNDA:0,(anonymous_2)
DA:6,1
DA:7,3
DA:15,1
DA:21,1
LF:4
LH:4
BRF:0
BRH:0
end_of_record
TN:
SF:/mnt/c/Projects/react-starter/src/modules/home/HomeContainer.js
FN:6,(anonymous_0)
FN:11,(anonymous_1)
FN:12,(anonymous_2)
FN:13,(anonymous_3)
FNF:4
FNH:2
FNDA:2,(anonymous_0)
FNDA:2,(anonymous_1)
FNDA:0,(anonymous_2)
FNDA:0,(anonymous_3)
DA:6,1
DA:7,2
DA:8,2
DA:11,1
DA:12,2
DA:13,2
DA:15,2
DA:21,1
LF:8
LH:8
BRF:0
BRH:0
end_of_record
TN:
SF:/mnt/c/Projects/react-starter/src/modules/home/RedditComponent.jsx
FN:4,(anonymous_0)
FN:10,(anonymous_1)
FN:15,(anonymous_2)
FNF:3
FNH:1
FNDA:3,(anonymous_0)
FNDA:0,(anonymous_1)
FNDA:0,(anonymous_2)
DA:4,2
DA:5,3
DA:6,0
DA:8,3
DA:11,0
DA:15,0
LF:6
LH:3
BRDA:5,0,0,0
BRDA:5,0,1,3
BRF:2
BRH:1
end_of_record
TN:
SF:/mnt/c/Projects/react-starter/src/modules/home/RedditContainer.js
FN:6,(anonymous_0)
FN:14,(anonymous_1)
FN:15,(anonymous_2)
FNF:3
FNH:2
FNDA:2,(anonymous_0)
FNDA:2,(anonymous_1)
FNDA:0,(anonymous_2)
DA:6,2
DA:7,2
DA:8,2
DA:14,2
DA:15,2
DA:16,0
DA:18,2
DA:21,2
LF:8
LH:7
BRF:0
BRH:0
end_of_record
TN:
SF:/mnt/c/Projects/react-starter/src/modules/home/duck/actions.js
FNF:0
FNH:0
DA:3,3
LF:1
LH:1
BRF:0
BRH:0
end_of_record
TN:
SF:/mnt/c/Projects/react-starter/src/modules/home/duck/index.js
FNF:0
FNH:0
LF:0
LH:0
BRF:0
BRH:0
end_of_record
TN:
SF:/mnt/c/Projects/react-starter/src/modules/home/duck/operations.js
FN:9,(anonymous_0)
FN:10,(anonymous_1)
FN:15,(anonymous_2)
FNF:3
FNH:0
FNDA:0,(anonymous_0)
FNDA:0,(anonymous_1)
FNDA:0,(anonymous_2)
DA:4,2
DA:5,2
DA:6,2
DA:7,2
DA:9,2
DA:10,0
DA:11,0
DA:12,0
DA:13,0
DA:14,0
DA:15,0
DA:16,0
DA:20,0
DA:21,0
DA:23,0
LF:15
LH:5
BRF:0
BRH:0
end_of_record
TN:
SF:/mnt/c/Projects/react-starter/src/modules/home/duck/reducers.js
FN:11,(anonymous_0)
FN:20,(anonymous_1)
FN:29,(anonymous_2)
FN:39,(anonymous_3)
FNF:4
FNH:4
FNDA:1,(anonymous_0)
FNDA:1,(anonymous_1)
FNDA:1,(anonymous_2)
FNDA:1,(anonymous_3)
DA:4,3
DA:11,3
DA:12,1
DA:13,1
DA:14,1
DA:20,3
DA:21,1
DA:22,1
DA:23,1
DA:29,3
DA:30,1
DA:31,1
DA:39,3
DA:40,1
DA:41,1
DA:49,3
LF:16
LH:16
BRDA:11,0,0,0
BRDA:20,1,0,0
BRDA:29,2,0,0
BRDA:39,3,0,0
BRF:4
BRH:0
end_of_record
