TN:
SF:/mnt/c/Projects/react-starter/src/modules/common/components/Button/Button.jsx
FN:4,(anonymous_0)
FNF:1
FNH:0
FNDA:0,(anonymous_0)
DA:4,1
DA:5,0
LF:2
LH:1
BRF:0
BRH:0
end_of_record
TN:
SF:/mnt/c/Projects/react-starter/src/modules/common/components/Button/index.js
FNF:0
FNH:0
LF:0
LH:0
BRF:0
BRH:0
end_of_record
TN:
SF:/mnt/c/Projects/react-starter/src/modules/home/HomeComponent.jsx
FN:6,(anonymous_0)
FN:23,(anonymous_1)
FN:24,(anonymous_2)
FNF:3
FNH:1
FNDA:2,(anonymous_0)
FNDA:0,(anonymous_1)
FNDA:0,(anonymous_2)
DA:6,1
DA:7,2
DA:15,1
DA:21,1
LF:4
LH:4
BRF:0
BRH:0
end_of_record
TN:
SF:/mnt/c/Projects/react-starter/src/modules/home/HomeContainer.js
FN:6,(anonymous_0)
FN:11,(anonymous_1)
FN:12,(anonymous_2)
FN:13,(anonymous_3)
FN:29,(anonymous_4)
FN:30,(anonymous_5)
FNF:6
FNH:2
FNDA:2,(anonymous_0)
FNDA:2,(anonymous_1)
FNDA:0,(anonymous_2)
FNDA:0,(anonymous_3)
FNDA:0,(anonymous_4)
FNDA:0,(anonymous_5)
DA:6,1
DA:7,2
DA:8,2
DA:11,1
DA:12,2
DA:13,2
DA:15,2
DA:21,1
DA:27,1
DA:33,1
LF:10
LH:10
BRF:0
BRH:0
end_of_record
TN:
SF:/mnt/c/Projects/react-starter/src/modules/home/RedditComponent.jsx
FN:4,(anonymous_0)
FN:10,(anonymous_1)
FN:15,(anonymous_2)
FNF:3
FNH:1
FNDA:2,(anonymous_0)
FNDA:0,(anonymous_1)
FNDA:0,(anonymous_2)
DA:4,2
DA:5,2
DA:6,0
DA:8,2
DA:11,0
DA:15,0
LF:6
LH:3
BRDA:5,0,0,0
BRDA:5,0,1,2
BRF:2
BRH:1
end_of_record
TN:
SF:/mnt/c/Projects/react-starter/src/modules/home/RedditContainer.js
FN:6,(anonymous_0)
FN:14,(anonymous_1)
FN:15,(anonymous_2)
FNF:3
FNH:2
FNDA:2,(anonymous_0)
FNDA:2,(anonymous_1)
FNDA:0,(anonymous_2)
DA:6,2
DA:7,2
DA:8,2
DA:14,2
DA:15,2
DA:16,0
DA:18,2
DA:21,2
LF:8
LH:7
BRF:0
BRH:0
end_of_record
TN:
SF:/mnt/c/Projects/react-starter/src/modules/home/duck/actions.js
FNF:0
FNH:0
DA:3,3
LF:1
LH:1
BRF:0
BRH:0
end_of_record
TN:
SF:/mnt/c/Projects/react-starter/src/modules/home/duck/index.js
FNF:0
FNH:0
LF:0
LH:0
BRF:0
BRH:0
end_of_record
TN:
SF:/mnt/c/Projects/react-starter/src/modules/home/duck/operations.js
FN:9,(anonymous_0)
FN:10,(anonymous_1)
FN:15,(anonymous_2)
FNF:3
FNH:0
FNDA:0,(anonymous_0)
FNDA:0,(anonymous_1)
FNDA:0,(anonymous_2)
DA:4,2
DA:5,2
DA:6,2
DA:7,2
DA:9,2
DA:10,0
DA:11,0
DA:12,0
DA:13,0
DA:14,0
DA:15,0
DA:16,0
DA:20,0
DA:21,0
DA:23,0
LF:15
LH:5
BRF:0
BRH:0
end_of_record
TN:
SF:/mnt/c/Projects/react-starter/src/modules/home/duck/reducers.js
FN:12,(anonymous_0)
FN:21,(anonymous_1)
FN:30,(anonymous_2)
FN:40,(anonymous_3)
FNF:4
FNH:2
FNDA:1,(anonymous_0)
FNDA:1,(anonymous_1)
FNDA:0,(anonymous_2)
FNDA:0,(anonymous_3)
DA:5,3
DA:12,3
DA:13,1
DA:14,1
DA:15,1
DA:21,3
DA:22,1
DA:23,1
DA:24,1
DA:30,3
DA:31,0
DA:32,0
DA:40,3
DA:41,0
DA:42,0
DA:50,3
LF:16
LH:12
BRDA:12,0,0,0
BRDA:21,1,0,0
BRDA:30,2,0,0
BRDA:40,3,0,0
BRF:4
BRH:0
end_of_record
